# JRE version: 7.0_17-b02
# Java VM: Java HotSpot(TM) Server VM (23.7-b01 mixed mode windows-x86 )
Heap
 PSYoungGen      total 40832K, used 5401K [0x489b0000, 0x4b450000, 0x5df00000)
  eden space 38016K, 14% used [0x489b0000,0x48ef66c8,0x4aed0000)
  from space 2816K, 0% used [0x4aed0000,0x4aed0000,0x4b190000)
  to   space 2688K, 0% used [0x4b1b0000,0x4b1b0000,0x4b450000)
 ParOldGen       total 87424K, used 31878K [0x1df00000, 0x23460000, 0x489b0000)
  object space 87424K, 36% used [0x1df00000,0x1fe219b8,0x23460000)
 PSPermGen       total 34304K, used 32569K [0x19f00000, 0x1c080000, 0x1df00000)
  object space 34304K, 94% used [0x19f00000,0x1bece7b0,0x1c080000)
GC Heap History (10 events):
Event: 24.569 GC heap before
{Heap before GC invocations=123 (full 58):
 PSYoungGen      total 40832K, used 1484K [0x489b0000, 0x4b480000, 0x5df00000)
  eden space 37824K, 0% used [0x489b0000,0x489b0000,0x4aea0000)
  from space 3008K, 49% used [0x4aea0000,0x4b0132d8,0x4b190000)
  to   space 3008K, 0% used [0x4b190000,0x4b190000,0x4b480000)
 ParOldGen       total 87424K, used 30226K [0x1df00000, 0x23460000, 0x489b0000)
  object space 87424K, 34% used [0x1df00000,0x1fc84b50,0x23460000)
 PSPermGen       total 34816K, used 32453K [0x19f00000, 0x1c100000, 0x1df00000)
  object space 34816K, 93% used [0x19f00000,0x1beb1708,0x1c100000)
Event: 24.650 GC heap after
Heap after GC invocations=123 (full 58):
 PSYoungGen      total 40832K, used 0K [0x489b0000, 0x4b480000, 0x5df00000)
  eden space 37824K, 0% used [0x489b0000,0x489b0000,0x4aea0000)
  from space 3008K, 0% used [0x4aea0000,0x4aea0000,0x4b190000)
  to   space 3008K, 0% used [0x4b190000,0x4b190000,0x4b480000)
 ParOldGen       total 87424K, used 31329K [0x1df00000, 0x23460000, 0x489b0000)
  object space 87424K, 35% used [0x1df00000,0x1fd985c8,0x23460000)
 PSPermGen       total 34560K, used 32453K [0x19f00000, 0x1c0c0000, 0x1df00000)
  object space 34560K, 93% used [0x19f00000,0x1beb16c8,0x1c0c0000)
}
Event: 25.593 GC heap before
{Heap before GC invocations=124 (full 58):
 PSYoungGen      total 40832K, used 6744K [0x489b0000, 0x4b480000, 0x5df00000)
  eden space 37824K, 17% used [0x489b0000,0x49046388,0x4aea0000)
  from space 3008K, 0% used [0x4aea0000,0x4aea0000,0x4b190000)
  to   space 3008K, 0% used [0x4b190000,0x4b190000,0x4b480000)
 ParOldGen       total 87424K, used 31329K [0x1df00000, 0x23460000, 0x489b0000)
  object space 87424K, 35% used [0x1df00000,0x1fd985c8,0x23460000)
 PSPermGen       total 34560K, used 32513K [0x19f00000, 0x1c0c0000, 0x1df00000)
  object space 34560K, 94% used [0x19f00000,0x1bec0458,0x1c0c0000)
Event: 25.596 GC heap after
Heap after GC invocations=124 (full 58):
 PSYoungGen      total 40832K, used 695K [0x489b0000, 0x4b450000, 0x5df00000)
  eden space 38016K, 0% used [0x489b0000,0x489b0000,0x4aed0000)
  from space 2816K, 24% used [0x4b190000,0x4b23de18,0x4b450000)
  to   space 2816K, 0% used [0x4aed0000,0x4aed0000,0x4b190000)
 ParOldGen       total 87424K, used 31329K [0x1df00000, 0x23460000, 0x489b0000)
  object space 87424K, 35% used [0x1df00000,0x1fd985c8,0x23460000)
 PSPermGen       total 34560K, used 32513K [0x19f00000, 0x1c0c0000, 0x1df00000)
  object space 34560K, 94% used [0x19f00000,0x1bec0458,0x1c0c0000)
}
Event: 25.596 GC heap before
{Heap before GC invocations=125 (full 59):
 PSYoungGen      total 40832K, used 695K [0x489b0000, 0x4b450000, 0x5df00000)
  eden space 38016K, 0% used [0x489b0000,0x489b0000,0x4aed0000)
  from space 2816K, 24% used [0x4b190000,0x4b23de18,0x4b450000)
  to   space 2816K, 0% used [0x4aed0000,0x4aed0000,0x4b190000)
 ParOldGen       total 87424K, used 31329K [0x1df00000, 0x23460000, 0x489b0000)
  object space 87424K, 35% used [0x1df00000,0x1fd985c8,0x23460000)
 PSPermGen       total 34560K, used 32513K [0x19f00000, 0x1c0c0000, 0x1df00000)
  object space 34560K, 94% used [0x19f00000,0x1bec0458,0x1c0c0000)
Event: 25.679 GC heap after
Heap after GC invocations=125 (full 59):
 PSYoungGen      total 40832K, used 0K [0x489b0000, 0x4b450000, 0x5df00000)
  eden space 38016K, 0% used [0x489b0000,0x489b0000,0x4aed0000)
  from space 2816K, 0% used [0x4b190000,0x4b190000,0x4b450000)
  to   space 2816K, 0% used [0x4aed0000,0x4aed0000,0x4b190000)
 ParOldGen       total 87424K, used 31533K [0x1df00000, 0x23460000, 0x489b0000)
  object space 87424K, 36% used [0x1df00000,0x1fdcb638,0x23460000)
 PSPermGen       total 34560K, used 32512K [0x19f00000, 0x1c0c0000, 0x1df00000)
  object space 34560K, 94% used [0x19f00000,0x1bec03a8,0x1c0c0000)
}
Event: 25.940 GC heap before
{Heap before GC invocations=126 (full 59):
 PSYoungGen      total 40832K, used 10497K [0x489b0000, 0x4b450000, 0x5df00000)
  eden space 38016K, 27% used [0x489b0000,0x493f06b0,0x4aed0000)
  from space 2816K, 0% used [0x4b190000,0x4b190000,0x4b450000)
  to   space 2816K, 0% used [0x4aed0000,0x4aed0000,0x4b190000)
 ParOldGen       total 87424K, used 31533K [0x1df00000, 0x23460000, 0x489b0000)
  object space 87424K, 36% used [0x1df00000,0x1fdcb638,0x23460000)
 PSPermGen       total 34560K, used 32542K [0x19f00000, 0x1c0c0000, 0x1df00000)
  object space 34560K, 94% used [0x19f00000,0x1bec7bf0,0x1c0c0000)
Event: 25.944 GC heap after
Heap after GC invocations=126 (full 59):
 PSYoungGen      total 40832K, used 896K [0x489b0000, 0x4b450000, 0x5df00000)
  eden space 38016K, 0% used [0x489b0000,0x489b0000,0x4aed0000)
  from space 2816K, 31% used [0x4aed0000,0x4afb0000,0x4b190000)
  to   space 2688K, 0% used [0x4b1b0000,0x4b1b0000,0x4b450000)
 ParOldGen       total 87424K, used 31533K [0x1df00000, 0x23460000, 0x489b0000)
  object space 87424K, 36% used [0x1df00000,0x1fdcb638,0x23460000)
 PSPermGen       total 34560K, used 32542K [0x19f00000, 0x1c0c0000, 0x1df00000)
  object space 34560K, 94% used [0x19f00000,0x1bec7bf0,0x1c0c0000)
}
Event: 25.944 GC heap before
{Heap before GC invocations=127 (full 60):
 PSYoungGen      total 40832K, used 896K [0x489b0000, 0x4b450000, 0x5df00000)
  eden space 38016K, 0% used [0x489b0000,0x489b0000,0x4aed0000)
  from space 2816K, 31% used [0x4aed0000,0x4afb0000,0x4b190000)
  to   space 2688K, 0% used [0x4b1b0000,0x4b1b0000,0x4b450000)
 ParOldGen       total 87424K, used 31533K [0x1df00000, 0x23460000, 0x489b0000)
  object space 87424K, 36% used [0x1df00000,0x1fdcb638,0x23460000)
 PSPermGen       total 34560K, used 32542K [0x19f00000, 0x1c0c0000, 0x1df00000)
  object space 34560K, 94% used [0x19f00000,0x1bec7bf0,0x1c0c0000)
Event: 26.035 GC heap after
Heap after GC invocations=127 (full 60):
 PSYoungGen      total 40832K, used 0K [0x489b0000, 0x4b450000, 0x5df00000)
  eden space 38016K, 0% used [0x489b0000,0x489b0000,0x4aed0000)
  from space 2816K, 0% used [0x4aed0000,0x4aed0000,0x4b190000)
  to   space 2688K, 0% used [0x4b1b0000,0x4b1b0000,0x4b450000)
 ParOldGen       total 87424K, used 31878K [0x1df00000, 0x23460000, 0x489b0000)
  object space 87424K, 36% used [0x1df00000,0x1fe219b8,0x23460000)
 PSPermGen       total 34304K, used 32542K [0x19f00000, 0x1c080000, 0x1df00000)
  object space 34304K, 94% used [0x19f00000,0x1bec7b60,0x1c080000)
}

